HW2new/app/build/intermediates/manifest_merge_blame_file/debug/manifest-merger-blame-debug-report.txt
1<?xml version="1.0" encoding="utf-8"?>
2<manifest xmlns:android="http://schemas.android.com/apk/res/android"
3    package="com.example.hw2new"
4    android:versionCode="1"
5    android:versionName="1.0" >
6
7    <uses-sdk
8        android:minSdkVersion="16"
8-->src\main\AndroidManifest.xml
9        android:targetSdkVersion="30" />
9-->src\main\AndroidManifest.xml
10
11    <uses-permission android:name="android.permission.ACCESS_FINE_LOCATION" />
11-->src\main\AndroidManifest.xml:5:5-79
11-->src\main\AndroidManifest.xml:5:22-76
12
13    <uses-feature
13-->[com.mapbox.mapboxsdk:mapbox-android-sdk:9.6.1] AndroidManifest.xml:9:5-11:35
14        android:glEsVersion="0x00020000"
14-->[com.mapbox.mapboxsdk:mapbox-android-sdk:9.6.1] AndroidManifest.xml:10:9-41
15        android:required="true" />
15-->[com.mapbox.mapboxsdk:mapbox-android-sdk:9.6.1] AndroidManifest.xml:11:9-32
16    <uses-feature
16-->[com.mapbox.mapboxsdk:mapbox-android-sdk:9.6.1] AndroidManifest.xml:12:5-14:36
17        android:name="android.hardware.wifi"
17-->[com.mapbox.mapboxsdk:mapbox-android-sdk:9.6.1] AndroidManifest.xml:13:9-45
18        android:required="false" /> <!-- Implied by ACCESS_WIFI_STATE. -->
18-->[com.mapbox.mapboxsdk:mapbox-android-sdk:9.6.1] AndroidManifest.xml:14:9-33
19    <uses-permission android:name="android.permission.INTERNET" />
19-->[com.mapbox.mapboxsdk:mapbox-android-sdk:9.6.1] AndroidManifest.xml:16:5-67
19-->[com.mapbox.mapboxsdk:mapbox-android-sdk:9.6.1] AndroidManifest.xml:16:22-64
20    <uses-permission android:name="android.permission.ACCESS_NETWORK_STATE" />
20-->[com.mapbox.mapboxsdk:mapbox-android-sdk:9.6.1] AndroidManifest.xml:17:5-79
20-->[com.mapbox.mapboxsdk:mapbox-android-sdk:9.6.1] AndroidManifest.xml:17:22-76
21    <uses-permission android:name="android.permission.ACCESS_WIFI_STATE" /> <!-- Required for CrashReporterJobIntentService on API levels below 25 -->
21-->[com.mapbox.mapboxsdk:mapbox-android-sdk:9.6.1] AndroidManifest.xml:18:5-76
21-->[com.mapbox.mapboxsdk:mapbox-android-sdk:9.6.1] AndroidManifest.xml:18:22-73
22    <uses-permission android:name="android.permission.WAKE_LOCK" />
22-->[com.mapbox.mapboxsdk:mapbox-android-telemetry:6.2.2] AndroidManifest.xml:12:5-68
22-->[com.mapbox.mapboxsdk:mapbox-android-telemetry:6.2.2] AndroidManifest.xml:12:22-65
23    <uses-permission
23-->[com.mapbox.mapboxsdk:mapbox-android-telemetry:6.2.2] AndroidManifest.xml:16:5-18:38
24        android:name="android.permission.GET_TASKS"
24-->[com.mapbox.mapboxsdk:mapbox-android-telemetry:6.2.2] AndroidManifest.xml:17:9-52
25        android:maxSdkVersion="20" />
25-->[com.mapbox.mapboxsdk:mapbox-android-telemetry:6.2.2] AndroidManifest.xml:18:9-35
26
27    <application
27-->src\main\AndroidManifest.xml:7:5-22:19
28        android:allowBackup="true"
28-->src\main\AndroidManifest.xml:8:9-35
29        android:appComponentFactory="androidx.core.app.CoreComponentFactory"
29-->[androidx.core:core:1.3.1] AndroidManifest.xml:24:18-86
30        android:debuggable="true"
31        android:icon="@mipmap/ic_launcher"
31-->src\main\AndroidManifest.xml:9:9-43
32        android:label="@string/app_name"
32-->src\main\AndroidManifest.xml:10:9-41
33        android:roundIcon="@mipmap/ic_launcher_round"
33-->src\main\AndroidManifest.xml:11:9-54
34        android:supportsRtl="true"
34-->src\main\AndroidManifest.xml:12:9-35
35        android:testOnly="true"
36        android:theme="@style/Theme.HW2new" >
36-->src\main\AndroidManifest.xml:13:9-44
37        <activity android:name="com.example.hw2new.Setting" />
37-->src\main\AndroidManifest.xml:14:9-54
37-->src\main\AndroidManifest.xml:14:19-42
38        <activity android:name="com.example.hw2new.MainActivity" >
38-->src\main\AndroidManifest.xml:15:9-21:20
38-->src\main\AndroidManifest.xml:15:19-47
39            <intent-filter>
39-->src\main\AndroidManifest.xml:16:13-20:29
40                <action android:name="android.intent.action.MAIN" />
40-->src\main\AndroidManifest.xml:17:17-69
40-->src\main\AndroidManifest.xml:17:25-66
41
42                <category android:name="android.intent.category.LAUNCHER" />
42-->src\main\AndroidManifest.xml:19:17-77
42-->src\main\AndroidManifest.xml:19:27-74
43            </intent-filter>
44        </activity>
45
46        <provider
46-->[com.mapbox.mapboxsdk:mapbox-android-telemetry:6.2.2] AndroidManifest.xml:21:9-25:39
47            android:name="com.mapbox.android.telemetry.provider.MapboxTelemetryInitProvider"
47-->[com.mapbox.mapboxsdk:mapbox-android-telemetry:6.2.2] AndroidManifest.xml:22:13-93
48            android:authorities="com.example.hw2new.mapboxtelemetryinitprovider"
48-->[com.mapbox.mapboxsdk:mapbox-android-telemetry:6.2.2] AndroidManifest.xml:23:13-79
49            android:exported="false"
49-->[com.mapbox.mapboxsdk:mapbox-android-telemetry:6.2.2] AndroidManifest.xml:24:13-37
50            android:initOrder="100" />
50-->[com.mapbox.mapboxsdk:mapbox-android-telemetry:6.2.2] AndroidManifest.xml:25:13-36
51
52        <service
52-->[com.mapbox.mapboxsdk:mapbox-android-telemetry:6.2.2] AndroidManifest.xml:27:9-29:72
53            android:name="com.mapbox.android.telemetry.errors.ErrorReporterJobIntentService"
53-->[com.mapbox.mapboxsdk:mapbox-android-telemetry:6.2.2] AndroidManifest.xml:28:13-93
54            android:permission="android.permission.BIND_JOB_SERVICE" />
54-->[com.mapbox.mapboxsdk:mapbox-android-telemetry:6.2.2] AndroidManifest.xml:29:13-69
55    </application>
56
57</manifest>